[INFO   ] Logger: Record log in /storage/emulated/0/Documents/mtgio/.kivy/logs/kivy_26-01-27_32.txt
[INFO   ] Kivy: v2.3.1
[INFO   ] Kivy: Installed at "/data/user/0/ru.iiec.pydroid3/files/aarch64-linux-android/lib/python3.13/site-packages/kivy/__init__.py"
[INFO   ] Python: v3.13.2 (main, Apr 27 2025, 04:34:27) [GCC 11.4.0]
[INFO   ] Python: Interpreter at "/data/user/0/ru.iiec.pydroid3/files/aarch64-linux-android/bin/python3"
[INFO   ] Logger: Purge log fired. Processing...
[INFO   ] Logger: Purge finished!
[INFO   ] Factory: 195 symbols loaded
[INFO   ] KivyMD: 1.2.0, git-Unknown, 2025-12-25 (installed at "/data/user/0/ru.iiec.pydroid3/files/aarch64-linux-android/lib/python3.13/site-packages/kivymd/__init__.py")
[WARNING] KivyMD: Version 1.2.0 is deprecated and is no longer supported. Use KivyMD version 2.0.0 from the master branch (pip install https://github.com/kivymd/KivyMD/archive/master.zip)
[INFO   ] Image: Providers: img_tex, img_dds, img_sdl2, img_pil (img_ffpyplayer ignored)
[INFO   ] Text: Provider: sdl2
[INFO   ] Window: Provider: sdl2
[INFO   ] GL: Using the "OpenGL ES 2" graphics system
[INFO   ] GL: Backend used <sdl2>
[INFO   ] GL: OpenGL version <b'OpenGL ES 3.2 v1.r38p1'>
[INFO   ] GL: OpenGL vendor <b'ARM'>
[INFO   ] GL: OpenGL renderer <b'Mali-G57 MC2'>
[INFO   ] GL: OpenGL parsed version: 3, 2
[INFO   ] GL: Texture max size <16383>
[INFO   ] GL: Texture max units <64>
[INFO   ] Window: auto add sdl2 input provider
[INFO   ] Window: virtual keyboard not allowed, single mode, not docked
[INFO   ] Clipboard: Provider: android
[INFO   ] GL: NPOT texture support is available
[WARNING] Base: Unknown <android> provider
[INFO   ] Base: Start application main loop
[INFO   ] Base: Leaving application in progress...
[WARNING] stderr: Traceback (most recent call last):
[WARNING] stderr:   File "/data/user/0/ru.iiec.pydroid3/files/aarch64-linux-android/lib/python3.13/site-packages/kivymd/theming.py", line 1655, in __init__
[WARNING] stderr:     App.get_running_app().property("theme_cls", True),
[WARNING] stderr:     ^^^^^^^^^^^^^^^^^^^^^^^^^^^^^^
[WARNING] stderr: AttributeError: 'NoneType' object has no attribute 'property'
[WARNING] stderr: 
[WARNING] stderr: During handling of the above exception, another exception occurred:
[WARNING] stderr: 
[WARNING] stderr: Traceback (most recent call last):
[WARNING] stderr:   File "/storage/emulated/0/Documents/mtgio/app.py", line 293, in <module>
[WARNING] stderr:     MTGApp().run()
[WARNING] stderr:     ~~~~~~~~~~~~^^
[WARNING] stderr:   File "/data/user/0/ru.iiec.pydroid3/files/aarch64-linux-android/lib/python3.13/site-packages/kivy/app.py", line 956, in run
[WARNING] stderr:     runTouchApp()
[WARNING] stderr:     ~~~~~~~~~~~^^
[WARNING] stderr:   File "/data/user/0/ru.iiec.pydroid3/files/aarch64-linux-android/lib/python3.13/site-packages/kivy/base.py", line 574, in runTouchApp
[WARNING] stderr:     EventLoop.mainloop()
[WARNING] stderr:     ~~~~~~~~~~~~~~~~~~^^
[WARNING] stderr:   File "/data/user/0/ru.iiec.pydroid3/files/aarch64-linux-android/lib/python3.13/site-packages/kivy/base.py", line 339, in mainloop
[WARNING] stderr:     self.idle()
[WARNING] stderr:     ~~~~~~~~~^^
[WARNING] stderr:   File "/data/user/0/ru.iiec.pydroid3/files/aarch64-linux-android/lib/python3.13/site-packages/kivy/base.py", line 379, in idle
[WARNING] stderr:     Clock.tick()
[WARNING] stderr:     ~~~~~~~~~~^^
[WARNING] stderr:   File "/data/user/0/ru.iiec.pydroid3/files/aarch64-linux-android/lib/python3.13/site-packages/kivy/clock.py", line 733, in tick
[WARNING] stderr:     self.post_idle(ts, self.idle())
[WARNING] stderr:     ~~~~~~~~~~~~~~^^^^^^^^^^^^^^^^^
[WARNING] stderr:   File "/data/user/0/ru.iiec.pydroid3/files/aarch64-linux-android/lib/python3.13/site-packages/kivy/clock.py", line 776, in post_idle
[WARNING] stderr:     self._process_events()
[WARNING] stderr:     ~~~~~~~~~~~~~~~~~~~~^^
[WARNING] stderr:   File "kivy/_clock.pyx", line 620, in kivy._clock.CyClockBase._process_events
[WARNING] stderr:   File "kivy/_clock.pyx", line 653, in kivy._clock.CyClockBase._process_events
[WARNING] stderr:   File "kivy/_clock.pyx", line 649, in kivy._clock.CyClockBase._process_events
[WARNING] stderr:   File "kivy/_clock.pyx", line 218, in kivy._clock.ClockEvent.tick
[WARNING] stderr:   File "/storage/emulated/0/Documents/mtgio/app.py", line 197, in populate_list
[WARNING] stderr:     item = OneLineListItem(
[WARNING] stderr:         text=f"{k} ({s['release_date']})",
[WARNING] stderr:         on_release=lambda x, code=s['code']: self.select_set(code)
[WARNING] stderr:     )
[WARNING] stderr:   File "/data/user/0/ru.iiec.pydroid3/files/aarch64-linux-android/lib/python3.13/site-packages/kivymd/uix/list/list.py", line 1268, in __init__
[WARNING] stderr:     super().__init__(*args, **kwargs)
[WARNING] stderr:     ~~~~~~~~~~~~~~~~^^^^^^^^^^^^^^^^^
[WARNING] stderr:   File "/data/user/0/ru.iiec.pydroid3/files/aarch64-linux-android/lib/python3.13/site-packages/kivymd/uix/behaviors/declarative_behavior.py", line 311, in __init__
[WARNING] stderr:     super().__init__(**kwargs)
[WARNING] stderr:     ~~~~~~~~~~~~~~~~^^^^^^^^^^
[WARNING] stderr:   File "/data/user/0/ru.iiec.pydroid3/files/aarch64-linux-android/lib/python3.13/site-packages/kivymd/theming.py", line 1663, in __init__
[WARNING] stderr:     raise ValueError(
[WARNING] stderr:     ...<3 lines>...
[WARNING] stderr:     )
[WARNING] stderr: ValueError: KivyMD: App object must be initialized before loading root widget. See https://github.com/kivymd/KivyMD/wiki/Modules-Material-App#exceptions
